2022-05-16 20:33:22.907  INFO 6760 --- [main] .MedicalAppointmentSchedulingApplication : Starting MedicalAppointmentSchedulingApplication using Java 17.0.2 on DESKTOP-7USMDKN with PID 6760 (D:\CTI_3rd_year_2\Software Design\Medical-Appointment-Scheduling\target\classes started by user in D:\CTI_3rd_year_2\Software Design\Medical-Appointment-Scheduling)
2022-05-16 20:33:22.910  INFO 6760 --- [main] .MedicalAppointmentSchedulingApplication : No active profile set, falling back to 1 default profile: "default"
2022-05-16 20:33:23.869  INFO 6760 --- [main] .s.d.r.c.RepositoryConfigurationDelegate : Bootstrapping Spring Data JPA repositories in DEFAULT mode.
2022-05-16 20:33:24.010  INFO 6760 --- [main] .s.d.r.c.RepositoryConfigurationDelegate : Finished Spring Data repository scanning in 125 ms. Found 9 JPA repository interfaces.
2022-05-16 20:33:25.037  INFO 6760 --- [main] o.s.b.w.embedded.tomcat.TomcatWebServer  : Tomcat initialized with port(s): 8080 (http)
2022-05-16 20:33:25.047  INFO 6760 --- [main] o.apache.catalina.core.StandardService   : Starting service [Tomcat]
2022-05-16 20:33:25.047  INFO 6760 --- [main] org.apache.catalina.core.StandardEngine  : Starting Servlet engine: [Apache Tomcat/9.0.58]
2022-05-16 20:33:25.217  INFO 6760 --- [main] o.a.c.c.C.[.[.[/medical_app_scheduling]  : Initializing Spring embedded WebApplicationContext
2022-05-16 20:33:25.217  INFO 6760 --- [main] w.s.c.ServletWebServerApplicationContext : Root WebApplicationContext: initialization completed in 2251 ms
2022-05-16 20:33:25.370  WARN 6760 --- [main] JpaBaseConfiguration$JpaWebConfiguration : spring.jpa.open-in-view is enabled by default. Therefore, database queries may be performed during view rendering. Explicitly configure spring.jpa.open-in-view to disable this warning
2022-05-16 20:33:25.563  INFO 6760 --- [main] o.hibernate.jpa.internal.util.LogHelper  : HHH000204: Processing PersistenceUnitInfo [name: default]
2022-05-16 20:33:25.632  INFO 6760 --- [main] org.hibernate.Version                    : HHH000412: Hibernate ORM core version 5.6.5.Final
2022-05-16 20:33:25.867  INFO 6760 --- [main] o.hibernate.annotations.common.Version   : HCANN000001: Hibernate Commons Annotations {5.1.2.Final}
2022-05-16 20:33:26.020  INFO 6760 --- [main] com.zaxxer.hikari.HikariDataSource       : HikariPool-1 - Starting...
2022-05-16 20:33:26.514  INFO 6760 --- [main] com.zaxxer.hikari.HikariDataSource       : HikariPool-1 - Start completed.
2022-05-16 20:33:26.537  INFO 6760 --- [main] org.hibernate.dialect.Dialect            : HHH000400: Using dialect: org.hibernate.dialect.MySQL8Dialect
2022-05-16 20:33:27.955  INFO 6760 --- [main] o.h.e.t.j.p.i.JtaPlatformInitiator       : HHH000490: Using JtaPlatform implementation: [org.hibernate.engine.transaction.jta.platform.internal.NoJtaPlatform]
2022-05-16 20:33:27.971  INFO 6760 --- [main] j.LocalContainerEntityManagerFactoryBean : Initialized JPA EntityManagerFactory for persistence unit 'default'
2022-05-16 20:33:30.624  INFO 6760 --- [main] o.s.s.web.DefaultSecurityFilterChain     : Will not secure any request
2022-05-16 20:33:31.251  INFO 6760 --- [main] o.s.b.w.embedded.tomcat.TomcatWebServer  : Tomcat started on port(s): 8080 (http) with context path '/medical_app_scheduling'
2022-05-16 20:33:31.263  INFO 6760 --- [main] .MedicalAppointmentSchedulingApplication : Started MedicalAppointmentSchedulingApplication in 9.094 seconds (JVM running for 10.688)
2022-05-16 20:36:33.270  INFO 6760 --- [SpringApplicationShutdownHook] j.LocalContainerEntityManagerFactoryBean : Closing JPA EntityManagerFactory for persistence unit 'default'
2022-05-16 20:36:33.277  INFO 6760 --- [SpringApplicationShutdownHook] com.zaxxer.hikari.HikariDataSource       : HikariPool-1 - Shutdown initiated...
2022-05-16 20:36:33.301  INFO 6760 --- [SpringApplicationShutdownHook] com.zaxxer.hikari.HikariDataSource       : HikariPool-1 - Shutdown completed.
